<?xml version="1.0" encoding="UTF-8"?>
<!-- Generated by org.testng.reporters.JUnitReportReporter -->
<testsuite hostname="DEL1-LHP-N61393" failures="0" tests="1" name="RunningTestNgMain.Runner" time="1.748" errors="0" timestamp="2021-06-26T18:56:23 IST" skipped="0">
  <testcase classname="RunningTestNgMain.Runner" name="f" time="1.748"/>
</testsuite> <!-- RunningTestNgMain.Runner -->
